<?xml version="1.0" encoding="UTF-8"?>
<testsuite xmlns:xsi="http://www.w3.org/2001/XMLSchema-instance" xsi:noNamespaceSchemaLocation="https://maven.apache.org/surefire/maven-surefire-plugin/xsd/surefire-test-report.xsd" name="com.taMagica.ContaMagicaTest" time="0.171" tests="54" errors="0" skipped="0" failures="0">
  <properties>
    <property name="sun.desktop" value="windows"/>
    <property name="awt.toolkit" value="sun.awt.windows.WToolkit"/>
    <property name="file.encoding.pkg" value="sun.io"/>
    <property name="java.specification.version" value="1.8"/>
    <property name="sun.cpu.isalist" value="amd64"/>
    <property name="sun.jnu.encoding" value="Cp1252"/>
    <property name="java.class.path" value="C:\Dev\Java\ContaMagicaRepo\target\test-classes;C:\Dev\Java\ContaMagicaRepo\target\classes;C:\Users\eduar\.m2\repository\org\junit\jupiter\junit-jupiter-engine\5.3.1\junit-jupiter-engine-5.3.1.jar;C:\Users\eduar\.m2\repository\org\apiguardian\apiguardian-api\1.0.0\apiguardian-api-1.0.0.jar;C:\Users\eduar\.m2\repository\org\junit\platform\junit-platform-engine\1.3.1\junit-platform-engine-1.3.1.jar;C:\Users\eduar\.m2\repository\org\junit\platform\junit-platform-commons\1.3.1\junit-platform-commons-1.3.1.jar;C:\Users\eduar\.m2\repository\org\opentest4j\opentest4j\1.1.1\opentest4j-1.1.1.jar;C:\Users\eduar\.m2\repository\org\junit\jupiter\junit-jupiter-api\5.3.1\junit-jupiter-api-5.3.1.jar;C:\Users\eduar\.m2\repository\org\junit\jupiter\junit-jupiter-params\5.1.0\junit-jupiter-params-5.1.0.jar;C:\Users\eduar\.m2\repository\org\mockito\mockito-all\1.9.5\mockito-all-1.9.5.jar;"/>
    <property name="java.vm.vendor" value="Oracle Corporation"/>
    <property name="sun.arch.data.model" value="64"/>
    <property name="user.variant" value=""/>
    <property name="java.vendor.url" value="http://java.oracle.com/"/>
    <property name="user.timezone" value="America/Sao_Paulo"/>
    <property name="user.country.format" value="BR"/>
    <property name="java.vm.specification.version" value="1.8"/>
    <property name="os.name" value="Windows 10"/>
    <property name="user.country" value="US"/>
    <property name="sun.java.launcher" value="SUN_STANDARD"/>
    <property name="sun.boot.library.path" value="C:\Program Files\Java\jdk1.8.0_221\jre\bin"/>
    <property name="sun.java.command" value="C:\Users\eduar\AppData\Local\Temp\surefire6177528851169576218\surefirebooter5151864726813896677.jar C:\Users\eduar\AppData\Local\Temp\surefire6177528851169576218 2019-10-11T05-12-53_802-jvmRun1 surefire7498960339512329512tmp surefire_08659101338035642652tmp"/>
    <property name="surefire.test.class.path" value="C:\Dev\Java\ContaMagicaRepo\target\test-classes;C:\Dev\Java\ContaMagicaRepo\target\classes;C:\Users\eduar\.m2\repository\org\junit\jupiter\junit-jupiter-engine\5.3.1\junit-jupiter-engine-5.3.1.jar;C:\Users\eduar\.m2\repository\org\apiguardian\apiguardian-api\1.0.0\apiguardian-api-1.0.0.jar;C:\Users\eduar\.m2\repository\org\junit\platform\junit-platform-engine\1.3.1\junit-platform-engine-1.3.1.jar;C:\Users\eduar\.m2\repository\org\junit\platform\junit-platform-commons\1.3.1\junit-platform-commons-1.3.1.jar;C:\Users\eduar\.m2\repository\org\opentest4j\opentest4j\1.1.1\opentest4j-1.1.1.jar;C:\Users\eduar\.m2\repository\org\junit\jupiter\junit-jupiter-api\5.3.1\junit-jupiter-api-5.3.1.jar;C:\Users\eduar\.m2\repository\org\junit\jupiter\junit-jupiter-params\5.1.0\junit-jupiter-params-5.1.0.jar;C:\Users\eduar\.m2\repository\org\mockito\mockito-all\1.9.5\mockito-all-1.9.5.jar;"/>
    <property name="sun.cpu.endian" value="little"/>
    <property name="user.home" value="C:\Users\eduar"/>
    <property name="user.language" value="en"/>
    <property name="java.specification.vendor" value="Oracle Corporation"/>
    <property name="java.home" value="C:\Program Files\Java\jdk1.8.0_221\jre"/>
    <property name="basedir" value="C:\Dev\Java\ContaMagicaRepo"/>
    <property name="file.separator" value="\"/>
    <property name="line.separator" value="&#10;"/>
    <property name="java.vm.specification.vendor" value="Oracle Corporation"/>
    <property name="java.specification.name" value="Java Platform API Specification"/>
    <property name="java.awt.graphicsenv" value="sun.awt.Win32GraphicsEnvironment"/>
    <property name="surefire.real.class.path" value="C:\Users\eduar\AppData\Local\Temp\surefire6177528851169576218\surefirebooter5151864726813896677.jar;C:\\Users\\eduar\\.m2\\repository\\org\\jacoco\\org.jacoco.agent\\0.8.2\\org.jacoco.agent-0.8.2-runtime.jar"/>
    <property name="sun.boot.class.path" value="C:\Program Files\Java\jdk1.8.0_221\jre\lib\resources.jar;C:\Program Files\Java\jdk1.8.0_221\jre\lib\rt.jar;C:\Program Files\Java\jdk1.8.0_221\jre\lib\sunrsasign.jar;C:\Program Files\Java\jdk1.8.0_221\jre\lib\jsse.jar;C:\Program Files\Java\jdk1.8.0_221\jre\lib\jce.jar;C:\Program Files\Java\jdk1.8.0_221\jre\lib\charsets.jar;C:\Program Files\Java\jdk1.8.0_221\jre\lib\jfr.jar;C:\Program Files\Java\jdk1.8.0_221\jre\classes"/>
    <property name="user.script" value=""/>
    <property name="sun.management.compiler" value="HotSpot 64-Bit Tiered Compilers"/>
    <property name="java.runtime.version" value="1.8.0_221-b11"/>
    <property name="user.name" value="eduar"/>
    <property name="path.separator" value=";"/>
    <property name="os.version" value="10.0"/>
    <property name="java.endorsed.dirs" value="C:\Program Files\Java\jdk1.8.0_221\jre\lib\endorsed"/>
    <property name="java.runtime.name" value="Java(TM) SE Runtime Environment"/>
    <property name="file.encoding" value="UTF-8"/>
    <property name="java.vm.name" value="Java HotSpot(TM) 64-Bit Server VM"/>
    <property name="localRepository" value="C:\Users\eduar\.m2\repository"/>
    <property name="java.vendor.url.bug" value="http://bugreport.sun.com/bugreport/"/>
    <property name="java.io.tmpdir" value="C:\Users\eduar\AppData\Local\Temp\"/>
    <property name="java.version" value="1.8.0_221"/>
    <property name="user.dir" value="C:\Dev\Java\ContaMagicaRepo"/>
    <property name="os.arch" value="amd64"/>
    <property name="java.vm.specification.name" value="Java Virtual Machine Specification"/>
    <property name="java.awt.printerjob" value="sun.awt.windows.WPrinterJob"/>
    <property name="user.language.format" value="pt"/>
    <property name="sun.os.patch.level" value=""/>
    <property name="java.library.path" value="C:\Program Files\Java\jdk1.8.0_221\jre\bin;C:\Windows\Sun\Java\bin;C:\Windows\system32;C:\Windows;C:\Program Files (x86)\NVIDIA Corporation\PhysX\Common;C:\Program Files (x86)\Common Files\Oracle\Java\javapath;C:\Windows\system32;C:\Windows;C:\Windows\System32\Wbem;C:\Windows\System32\WindowsPowerShell\v1.0\;C:\Windows\System32\OpenSSH\;C:\Program Files\dotnet\;C:\Program Files\Microsoft SQL Server\130\Tools\Binn\;C:\Program Files\Microsoft SQL Server\Client SDK\ODBC\170\Tools\Binn\;C:\Program Files\Git\cmd;C:\Users\eduar\AppData\Local\Microsoft\WindowsApps;C:\Program Files\Java\jdk1.8.0_221\bin;C:\Users\eduar\AppData\Local\Programs\Microsoft VS Code\bin;C:\Users\eduar\AppData\Local\GitHubDesktop\bin;C:\Dev\Maven\bin;;."/>
    <property name="java.vm.info" value="mixed mode"/>
    <property name="java.vendor" value="Oracle Corporation"/>
    <property name="java.vm.version" value="25.221-b11"/>
    <property name="java.ext.dirs" value="C:\Program Files\Java\jdk1.8.0_221\jre\lib\ext;C:\Windows\Sun\Java\lib\ext"/>
    <property name="sun.io.unicode.encoding" value="UnicodeLittle"/>
    <property name="java.class.version" value="52.0"/>
  </properties>
  <testcase name="SaldoRetiradaNegativoSilver{int}[1]" classname="com.taMagica.ContaMagicaTest" time="0.033"/>
  <testcase name="SaldoRetiradaNegativoSilver{int}[2]" classname="com.taMagica.ContaMagicaTest" time="0"/>
  <testcase name="SaldoRetiradaNegativoSilver{int}[3]" classname="com.taMagica.ContaMagicaTest" time="0"/>
  <testcase name="SaldoRetiradaNegativoSilver{int}[4]" classname="com.taMagica.ContaMagicaTest" time="0.001"/>
  <testcase name="SaldoRetiradaNegativoSilver{int}[5]" classname="com.taMagica.ContaMagicaTest" time="0"/>
  <testcase name="SaldoRetiradaNegativoPlatinum{int}[1]" classname="com.taMagica.ContaMagicaTest" time="0.001"/>
  <testcase name="SaldoRetiradaNegativoPlatinum{int}[2]" classname="com.taMagica.ContaMagicaTest" time="0.001"/>
  <testcase name="SaldoRetiradaNegativoPlatinum{int}[3]" classname="com.taMagica.ContaMagicaTest" time="0.001"/>
  <testcase name="SaldoRetiradaNegativoPlatinum{int}[4]" classname="com.taMagica.ContaMagicaTest" time="0"/>
  <testcase name="SaldoRetiradaNegativoPlatinum{int}[5]" classname="com.taMagica.ContaMagicaTest" time="0.001"/>
  <testcase name="StatusUpgradeParaPlatinum" classname="com.taMagica.ContaMagicaTest" time="0.002"/>
  <testcase name="StatusDowngradePlatinumParaSilver" classname="com.taMagica.ContaMagicaTest" time="0"/>
  <testcase name="SaldoRetiradaGold{int}[1]" classname="com.taMagica.ContaMagicaTest" time="0.001"/>
  <testcase name="SaldoRetiradaGold{int}[2]" classname="com.taMagica.ContaMagicaTest" time="0.001"/>
  <testcase name="SaldoRetiradaGold{int}[3]" classname="com.taMagica.ContaMagicaTest" time="0.001"/>
  <testcase name="SaldoRetiradaGold{int}[4]" classname="com.taMagica.ContaMagicaTest" time="0"/>
  <testcase name="SaldoRetiradaGold{int}[5]" classname="com.taMagica.ContaMagicaTest" time="0"/>
  <testcase name="StatusUpgradeParaGold{int}[1]" classname="com.taMagica.ContaMagicaTest" time="0"/>
  <testcase name="StatusUpgradeParaGold{int}[2]" classname="com.taMagica.ContaMagicaTest" time="0"/>
  <testcase name="StatusUpgradeParaGold{int}[3]" classname="com.taMagica.ContaMagicaTest" time="0"/>
  <testcase name="StatusUpgradeParaGold{int}[4]" classname="com.taMagica.ContaMagicaTest" time="0"/>
  <testcase name="SaldoDepositoPlatinum{int}[1]" classname="com.taMagica.ContaMagicaTest" time="0"/>
  <testcase name="SaldoDepositoPlatinum{int}[2]" classname="com.taMagica.ContaMagicaTest" time="0.001"/>
  <testcase name="SaldoDepositoPlatinum{int}[3]" classname="com.taMagica.ContaMagicaTest" time="0"/>
  <testcase name="SaldoDepositoPlatinum{int}[4]" classname="com.taMagica.ContaMagicaTest" time="0"/>
  <testcase name="SaldoDepositoPlatinum{int}[5]" classname="com.taMagica.ContaMagicaTest" time="0"/>
  <testcase name="StatusDowngradeParaGold" classname="com.taMagica.ContaMagicaTest" time="0.001"/>
  <testcase name="StatusNovaSilver" classname="com.taMagica.ContaMagicaTest" time="0"/>
  <testcase name="SaldoRetiradaPlatinum{int}[1]" classname="com.taMagica.ContaMagicaTest" time="0"/>
  <testcase name="SaldoRetiradaPlatinum{int}[2]" classname="com.taMagica.ContaMagicaTest" time="0"/>
  <testcase name="SaldoRetiradaPlatinum{int}[3]" classname="com.taMagica.ContaMagicaTest" time="0.001"/>
  <testcase name="SaldoRetiradaPlatinum{int}[4]" classname="com.taMagica.ContaMagicaTest" time="0.001"/>
  <testcase name="SaldoRetiradaPlatinum{int}[5]" classname="com.taMagica.ContaMagicaTest" time="0.001"/>
  <testcase name="SaldoDepositoGold{int}[1]" classname="com.taMagica.ContaMagicaTest" time="0"/>
  <testcase name="SaldoDepositoGold{int}[2]" classname="com.taMagica.ContaMagicaTest" time="0"/>
  <testcase name="SaldoDepositoGold{int}[3]" classname="com.taMagica.ContaMagicaTest" time="0"/>
  <testcase name="SaldoDepositoGold{int}[4]" classname="com.taMagica.ContaMagicaTest" time="0"/>
  <testcase name="SaldoDepositoGold{int}[5]" classname="com.taMagica.ContaMagicaTest" time="0"/>
  <testcase name="SaldoRetiradaNegativoGold{int}[1]" classname="com.taMagica.ContaMagicaTest" time="0.001"/>
  <testcase name="SaldoRetiradaNegativoGold{int}[2]" classname="com.taMagica.ContaMagicaTest" time="0"/>
  <testcase name="SaldoRetiradaNegativoGold{int}[3]" classname="com.taMagica.ContaMagicaTest" time="0"/>
  <testcase name="SaldoRetiradaNegativoGold{int}[4]" classname="com.taMagica.ContaMagicaTest" time="0"/>
  <testcase name="SaldoRetiradaNegativoGold{int}[5]" classname="com.taMagica.ContaMagicaTest" time="0.001"/>
  <testcase name="SaldoDepositoSilver{int}[1]" classname="com.taMagica.ContaMagicaTest" time="0"/>
  <testcase name="SaldoDepositoSilver{int}[2]" classname="com.taMagica.ContaMagicaTest" time="0"/>
  <testcase name="SaldoDepositoSilver{int}[3]" classname="com.taMagica.ContaMagicaTest" time="0.001"/>
  <testcase name="SaldoDepositoSilver{int}[4]" classname="com.taMagica.ContaMagicaTest" time="0"/>
  <testcase name="SaldoDepositoSilver{int}[5]" classname="com.taMagica.ContaMagicaTest" time="0"/>
  <testcase name="SaldoRetiradaSilver{int}[1]" classname="com.taMagica.ContaMagicaTest" time="0"/>
  <testcase name="SaldoRetiradaSilver{int}[2]" classname="com.taMagica.ContaMagicaTest" time="0.001"/>
  <testcase name="SaldoRetiradaSilver{int}[3]" classname="com.taMagica.ContaMagicaTest" time="0"/>
  <testcase name="SaldoRetiradaSilver{int}[4]" classname="com.taMagica.ContaMagicaTest" time="0"/>
  <testcase name="SaldoRetiradaSilver{int}[5]" classname="com.taMagica.ContaMagicaTest" time="0"/>
  <testcase name="StatusDowngradeParaSilver" classname="com.taMagica.ContaMagicaTest" time="0"/>
</testsuite>